<?xml version="1.0" encoding="UTF-8"?>
<!-- Generated by org.testng.reporters.JUnitReportReporter -->
<testsuite hostname="LAPTOP-G2HQ2MCH" failures="0" tests="1" name="MyMavenProject.MymavenProject.carloan" time="0.001" errors="0" timestamp="2023-05-24T22:49:03 CEST" skipped="0">
  <testcase classname="MyMavenProject.MymavenProject.carloan" name="carloanbybranch" time="0.001"/>
  <system-out/>
</testsuite> <!-- MyMavenProject.MymavenProject.carloan -->
